{
  message: 'IC2 bus is Open, address is 72',
  level: 'info',
  timestamp: '2022-10-18T08:02:01.982Z'
}
{ message: '{}', level: 'info', timestamp: '2022-10-18T08:02:01.989Z' }
{
  message: 'IC2 bus is Open, address is 72',
  level: 'info',
  timestamp: '2022-10-18T08:02:01.990Z'
}
{
  message: 'undefined',
  level: 'info',
  timestamp: '2022-10-18T08:02:01.992Z'
}
{
  message: 'IC2 bus is Open, address is 72',
  level: 'info',
  timestamp: '2022-10-18T08:02:40.947Z'
}
{ message: '{}', level: 'info', timestamp: '2022-10-18T08:02:40.954Z' }
{
  message: 'IC2 bus is Open, address is 72',
  level: 'info',
  timestamp: '2022-10-18T08:02:42.176Z'
}
{
  message: 'undefined',
  level: 'info',
  timestamp: '2022-10-18T08:02:42.177Z'
}
{
  message: 'IC2 bus is Open, address is 72',
  level: 'info',
  timestamp: '2022-10-18T08:03:12.197Z'
}
{ message: '{}', level: 'info', timestamp: '2022-10-18T08:03:12.203Z' }
{
  message: 'IC2 bus is Open, address is 72',
  level: 'info',
  timestamp: '2022-10-18T08:03:12.204Z'
}
{
  message: 'undefined',
  level: 'info',
  timestamp: '2022-10-18T08:03:12.205Z'
}
{
  message: 'IC2 bus is Open, address is 72',
  level: 'info',
  timestamp: '2022-10-18T08:05:05.217Z'
}
{
  message: 'IC2 bus is Open, address is 72',
  level: 'info',
  timestamp: '2022-10-18T08:05:44.893Z'
}
{ message: '{}', level: 'info', timestamp: '2022-10-18T08:05:44.898Z' }
{
  message: 'IC2 bus is Open, address is 72',
  level: 'info',
  timestamp: '2022-10-18T08:05:44.899Z'
}
{
  message: 'undefined',
  level: 'info',
  timestamp: '2022-10-18T08:05:44.900Z'
}
{
  message: 'IC2 bus is Open, address is 72',
  level: 'info',
  timestamp: '2022-10-18T08:08:21.800Z'
}
{ message: '{}', level: 'info', timestamp: '2022-10-18T08:08:21.809Z' }
{
  message: 'IC2 bus is Open, address is 72',
  level: 'info',
  timestamp: '2022-10-18T08:08:21.811Z'
}
{
  message: 'undefined',
  level: 'info',
  timestamp: '2022-10-18T08:08:21.812Z'
}
{
  message: 'IC2 bus is Open, address is 72',
  level: 'info',
  timestamp: '2022-10-18T08:10:14.275Z'
}
{ message: '{}', level: 'info', timestamp: '2022-10-18T08:10:14.282Z' }
{
  message: 'IC2 bus is Open, address is 72',
  level: 'info',
  timestamp: '2022-10-18T08:10:14.284Z'
}
{
  message: 'undefined',
  level: 'info',
  timestamp: '2022-10-18T08:10:14.285Z'
}
{
  message: 'IC2 bus is Open, address is 72',
  level: 'info',
  timestamp: '2022-10-18T08:10:41.989Z'
}
{ message: '{}', level: 'info', timestamp: '2022-10-18T08:10:41.995Z' }
{
  message: 'IC2 bus is Open, address is 72',
  level: 'info',
  timestamp: '2022-10-18T08:10:41.997Z'
}
{
  message: 'undefined',
  level: 'info',
  timestamp: '2022-10-18T08:10:41.998Z'
}
{
  message: 'IC2 bus is Open, address is 72',
  level: 'info',
  timestamp: '2022-10-18T08:11:12.676Z'
}
{ message: '{}', level: 'info', timestamp: '2022-10-18T08:11:12.682Z' }
{
  message: 'IC2 bus is Open, address is 72',
  level: 'info',
  timestamp: '2022-10-18T08:11:12.684Z'
}
{
  message: 'undefined',
  level: 'info',
  timestamp: '2022-10-18T08:11:12.685Z'
}
{
  message: 'IC2 bus is Open, address is 72',
  level: 'info',
  timestamp: '2022-10-18T08:15:22.372Z'
}
{ message: '{}', level: 'info', timestamp: '2022-10-18T08:15:22.379Z' }
{
  message: 'IC2 bus is Open, address is 72',
  level: 'info',
  timestamp: '2022-10-18T08:15:22.381Z'
}
{
  message: 'undefined',
  level: 'info',
  timestamp: '2022-10-18T08:15:22.382Z'
}
{
  message: 'IC2 bus is Open, address is 72',
  level: 'info',
  timestamp: '2022-10-18T08:42:50.968Z'
}
{ message: '{}', level: 'info', timestamp: '2022-10-18T08:42:50.975Z' }
{
  message: 'IC2 bus is Open, address is 72',
  level: 'info',
  timestamp: '2022-10-18T08:42:50.977Z'
}
{
  message: 'undefined',
  level: 'info',
  timestamp: '2022-10-18T08:42:50.978Z'
}
{
  message: 'IC2 bus is Open, address is 72',
  level: 'info',
  timestamp: '2022-10-18T08:43:07.949Z'
}
{ message: '{}', level: 'info', timestamp: '2022-10-18T08:43:07.954Z' }
{
  message: 'IC2 bus is Open, address is 72',
  level: 'info',
  timestamp: '2022-10-18T08:43:07.956Z'
}
{
  message: 'undefined',
  level: 'info',
  timestamp: '2022-10-18T08:43:07.957Z'
}
{
  message: 'IC2 bus is Open, address is 72',
  level: 'info',
  timestamp: '2022-10-18T08:44:14.885Z'
}
{ message: '{}', level: 'info', timestamp: '2022-10-18T08:44:14.892Z' }
{
  message: 'IC2 bus is Open, address is 72',
  level: 'info',
  timestamp: '2022-10-18T08:44:14.893Z'
}
{
  message: 'undefined',
  level: 'info',
  timestamp: '2022-10-18T08:44:14.894Z'
}
{
  message: 'IC2 bus is Open, address is 72',
  level: 'info',
  timestamp: '2022-10-18T08:44:57.297Z'
}
{ message: '{}', level: 'info', timestamp: '2022-10-18T08:44:57.305Z' }
{
  message: 'IC2 bus is Open, address is 72',
  level: 'info',
  timestamp: '2022-10-18T08:44:57.307Z'
}
{
  message: 'undefined',
  level: 'info',
  timestamp: '2022-10-18T08:44:57.308Z'
}
{
  message: 'IC2 bus is Open, address is 72',
  level: 'info',
  timestamp: '2022-10-18T08:46:14.052Z'
}
{ message: '{}', level: 'info', timestamp: '2022-10-18T08:46:14.058Z' }
{
  message: 'IC2 bus is Open, address is 72',
  level: 'info',
  timestamp: '2022-10-18T08:46:14.059Z'
}
{
  message: 'undefined',
  level: 'info',
  timestamp: '2022-10-18T08:46:14.060Z'
}
{
  message: 'IC2 bus is Open, address is 72',
  level: 'info',
  timestamp: '2022-10-18T08:49:43.992Z'
}
{ message: '{}', level: 'info', timestamp: '2022-10-18T08:49:43.997Z' }
{
  message: 'IC2 bus is Open, address is 72',
  level: 'info',
  timestamp: '2022-10-18T08:49:43.999Z'
}
{
  message: 'undefined',
  level: 'info',
  timestamp: '2022-10-18T08:49:44.000Z'
}
{
  message: 'IC2 bus is Open, address is 72',
  level: 'info',
  timestamp: '2022-10-18T08:54:21.846Z'
}
{ message: '{}', level: 'info', timestamp: '2022-10-18T08:54:21.852Z' }
{
  message: 'IC2 bus is Open, address is 72',
  level: 'info',
  timestamp: '2022-10-18T08:54:21.854Z'
}
{
  message: 'undefined',
  level: 'info',
  timestamp: '2022-10-18T08:54:21.855Z'
}
{
  message: 'IC2 bus is Open, address is 72',
  level: 'info',
  timestamp: '2022-10-18T09:02:10.692Z'
}
{ message: '{}', level: 'info', timestamp: '2022-10-18T09:02:10.699Z' }
{
  message: 'IC2 bus is Open, address is 72',
  level: 'info',
  timestamp: '2022-10-18T09:02:10.701Z'
}
{
  message: 'undefined',
  level: 'info',
  timestamp: '2022-10-18T09:02:10.702Z'
}
{
  message: 'IC2 bus is Open, address is 72',
  level: 'info',
  timestamp: '2022-10-18T09:02:57.166Z'
}
{ message: '{}', level: 'info', timestamp: '2022-10-18T09:02:57.172Z' }
{
  message: 'IC2 bus is Open, address is 72',
  level: 'info',
  timestamp: '2022-10-18T09:02:57.174Z'
}
{
  message: 'undefined',
  level: 'info',
  timestamp: '2022-10-18T09:02:57.175Z'
}
{
  message: 'IC2 bus is Open, address is 72',
  level: 'info',
  timestamp: '2022-10-18T09:04:27.480Z'
}
{ message: '{}', level: 'info', timestamp: '2022-10-18T09:04:27.488Z' }
{
  message: 'IC2 bus is Open, address is 72',
  level: 'info',
  timestamp: '2022-10-18T09:04:27.490Z'
}
{
  message: 'undefined',
  level: 'info',
  timestamp: '2022-10-18T09:04:27.491Z'
}
{
  message: 'IC2 bus is Open, address is 72',
  level: 'info',
  timestamp: '2022-10-18T09:05:25.021Z'
}
{ message: '{}', level: 'info', timestamp: '2022-10-18T09:05:25.029Z' }
{
  message: 'IC2 bus is Open, address is 72',
  level: 'info',
  timestamp: '2022-10-18T09:05:25.030Z'
}
{
  message: 'undefined',
  level: 'info',
  timestamp: '2022-10-18T09:05:25.032Z'
}
{
  message: 'IC2 bus is Open, address is 72',
  level: 'info',
  timestamp: '2022-10-18T09:06:54.545Z'
}
{ message: '{}', level: 'info', timestamp: '2022-10-18T09:06:54.557Z' }
{
  message: 'IC2 bus is Open, address is 72',
  level: 'info',
  timestamp: '2022-10-18T09:06:54.558Z'
}
{
  message: 'undefined',
  level: 'info',
  timestamp: '2022-10-18T09:06:54.575Z'
}
{
  message: 'IC2 bus is Open, address is 72',
  level: 'info',
  timestamp: '2022-10-18T09:08:54.467Z'
}
{ message: '{}', level: 'info', timestamp: '2022-10-18T09:08:54.473Z' }
{
  message: 'IC2 bus is Open, address is 72',
  level: 'info',
  timestamp: '2022-10-18T09:08:54.474Z'
}
{
  message: 'undefined',
  level: 'info',
  timestamp: '2022-10-18T09:08:54.475Z'
}
{
  message: 'IC2 bus is Open, address is 72',
  level: 'info',
  timestamp: '2022-10-18T09:09:52.891Z'
}
{ message: '{}', level: 'info', timestamp: '2022-10-18T09:09:52.898Z' }
{
  message: 'IC2 bus is Open, address is 72',
  level: 'info',
  timestamp: '2022-10-18T09:09:52.900Z'
}
{
  message: 'undefined',
  level: 'info',
  timestamp: '2022-10-18T09:09:52.901Z'
}
{
  message: 'IC2 bus is Open, address is 72',
  level: 'info',
  timestamp: '2022-10-18T09:11:18.716Z'
}
{ message: '{}', level: 'info', timestamp: '2022-10-18T09:11:18.723Z' }
{
  message: 'IC2 bus is Open, address is 72',
  level: 'info',
  timestamp: '2022-10-18T09:11:18.725Z'
}
{
  message: 'undefined',
  level: 'info',
  timestamp: '2022-10-18T09:11:18.726Z'
}
{
  message: 'IC2 bus is Open, address is 72',
  level: 'info',
  timestamp: '2022-10-18T09:11:25.852Z'
}
{ message: '{}', level: 'info', timestamp: '2022-10-18T09:11:25.860Z' }
{
  message: 'IC2 bus is Open, address is 72',
  level: 'info',
  timestamp: '2022-10-18T09:11:25.862Z'
}
{
  message: 'undefined',
  level: 'info',
  timestamp: '2022-10-18T09:11:25.863Z'
}
{
  message: 'IC2 bus is Open, address is 72',
  level: 'info',
  timestamp: '2022-10-18T09:11:52.001Z'
}
{ message: '{}', level: 'info', timestamp: '2022-10-18T09:11:52.008Z' }
{
  message: 'IC2 bus is Open, address is 72',
  level: 'info',
  timestamp: '2022-10-18T09:11:52.010Z'
}
{
  message: 'undefined',
  level: 'info',
  timestamp: '2022-10-18T09:11:52.011Z'
}
{
  message: 'IC2 bus is Open, address is 72',
  level: 'info',
  timestamp: '2022-10-18T09:12:41.994Z'
}
{ message: '{}', level: 'info', timestamp: '2022-10-18T09:12:42.002Z' }
{
  message: 'IC2 bus is Open, address is 72',
  level: 'info',
  timestamp: '2022-10-18T09:12:42.005Z'
}
{
  message: 'undefined',
  level: 'info',
  timestamp: '2022-10-18T09:12:42.007Z'
}
{
  message: 'IC2 bus is Open, address is 72',
  level: 'info',
  timestamp: '2022-10-18T09:30:31.810Z'
}
{ message: '{}', level: 'info', timestamp: '2022-10-18T09:30:31.820Z' }
{
  message: 'IC2 bus is Open, address is 72',
  level: 'info',
  timestamp: '2022-10-18T09:30:31.822Z'
}
{
  message: 'undefined',
  level: 'info',
  timestamp: '2022-10-18T09:30:31.824Z'
}
{
  message: 'IC2 bus is Open, address is 72',
  level: 'info',
  timestamp: '2022-10-18T10:47:14.551Z'
}
{ message: '{}', level: 'info', timestamp: '2022-10-18T10:47:14.558Z' }
{
  message: 'IC2 bus is Open, address is 72',
  level: 'info',
  timestamp: '2022-10-18T10:47:14.560Z'
}
{
  message: 'undefined',
  level: 'info',
  timestamp: '2022-10-18T10:47:14.561Z'
}
{
  message: 'IC2 bus is Open, address is 72',
  level: 'info',
  timestamp: '2022-10-18T10:47:59.629Z'
}
{ message: '{}', level: 'info', timestamp: '2022-10-18T10:47:59.639Z' }
{
  message: 'IC2 bus is Open, address is 72',
  level: 'info',
  timestamp: '2022-10-18T10:47:59.640Z'
}
{
  message: 'undefined',
  level: 'info',
  timestamp: '2022-10-18T10:47:59.641Z'
}
{
  message: 'IC2 bus is Open, address is 72',
  level: 'info',
  timestamp: '2022-10-18T10:49:03.742Z'
}
{ message: '{}', level: 'info', timestamp: '2022-10-18T10:49:03.747Z' }
{
  message: 'IC2 bus is Open, address is 72',
  level: 'info',
  timestamp: '2022-10-18T10:49:03.749Z'
}
{
  message: 'undefined',
  level: 'info',
  timestamp: '2022-10-18T10:49:03.750Z'
}
{
  message: 'IC2 bus is Open, address is 72',
  level: 'info',
  timestamp: '2022-10-18T10:50:15.320Z'
}
{ message: '{}', level: 'info', timestamp: '2022-10-18T10:50:15.327Z' }
{
  message: 'IC2 bus is Open, address is 72',
  level: 'info',
  timestamp: '2022-10-18T10:50:15.329Z'
}
{
  message: 'undefined',
  level: 'info',
  timestamp: '2022-10-18T10:50:15.330Z'
}
{
  message: 'IC2 bus is Open, address is 72',
  level: 'info',
  timestamp: '2022-10-18T18:11:07.648Z'
}
{ message: '{}', level: 'info', timestamp: '2022-10-18T18:11:07.658Z' }
{
  message: 'IC2 bus is Open, address is 72',
  level: 'info',
  timestamp: '2022-10-18T18:11:07.660Z'
}
{
  message: 'undefined',
  level: 'info',
  timestamp: '2022-10-18T18:11:07.661Z'
}
{
  message: 'IC2 bus is Open, address is 72',
  level: 'info',
  timestamp: '2022-10-18T18:14:38.827Z'
}
{ message: '{}', level: 'info', timestamp: '2022-10-18T18:14:38.833Z' }
{
  message: 'IC2 bus is Open, address is 72',
  level: 'info',
  timestamp: '2022-10-18T18:14:38.834Z'
}
{
  message: 'undefined',
  level: 'info',
  timestamp: '2022-10-18T18:14:38.835Z'
}
{
  message: 'IC2 bus is Open, address is 72',
  level: 'info',
  timestamp: '2022-10-18T18:16:42.264Z'
}
{ message: '{}', level: 'info', timestamp: '2022-10-18T18:16:42.271Z' }
{
  message: 'IC2 bus is Open, address is 72',
  level: 'info',
  timestamp: '2022-10-18T18:16:42.272Z'
}
{
  message: 'undefined',
  level: 'info',
  timestamp: '2022-10-18T18:16:42.273Z'
}
{
  message: 'IC2 bus is Open, address is 72',
  level: 'info',
  timestamp: '2022-10-18T18:47:09.881Z'
}
{ message: '{}', level: 'info', timestamp: '2022-10-18T18:47:09.888Z' }
{
  message: 'IC2 bus is Open, address is 72',
  level: 'info',
  timestamp: '2022-10-18T18:47:09.890Z'
}
{
  message: 'undefined',
  level: 'info',
  timestamp: '2022-10-18T18:47:09.891Z'
}
{
  message: 'IC2 bus is Open, address is 72',
  level: 'info',
  timestamp: '2022-10-18T18:48:34.909Z'
}
{ message: '{}', level: 'info', timestamp: '2022-10-18T18:48:34.926Z' }
{
  message: 'IC2 bus is Open, address is 72',
  level: 'info',
  timestamp: '2022-10-18T18:48:34.927Z'
}
{
  message: 'undefined',
  level: 'info',
  timestamp: '2022-10-18T18:48:34.929Z'
}
