{
  message: 'IC2 bus is Open, address is 118',
  level: 'info',
  timestamp: '2025-02-19T20:41:38.418Z'
}
{
  errno: -13,
  code: 'EACCES',
  syscall: 'open',
  path: '/dev/i2c-1',
  level: 'error',
  message: "Device is not ready EACCES: permission denied, open '/dev/i2c-1'",
  stack: "Error: EACCES: permission denied, open '/dev/i2c-1'",
  timestamp: '2025-02-19T20:41:38.422Z'
}
{
  errno: -13,
  code: 'EACCES',
  syscall: 'open',
  path: '/dev/i2c-1',
  level: 'error',
  timestamp: '2025-02-19T20:41:38.423Z'
}
{
  message: 'IC2 bus is Open, address is 118',
  level: 'info',
  timestamp: '2025-02-19T20:41:45.676Z'
}
{
  errno: -13,
  code: 'EACCES',
  syscall: 'open',
  path: '/dev/i2c-1',
  level: 'error',
  message: "Device is not ready EACCES: permission denied, open '/dev/i2c-1'",
  stack: "Error: EACCES: permission denied, open '/dev/i2c-1'",
  timestamp: '2025-02-19T20:41:45.680Z'
}
{
  errno: -13,
  code: 'EACCES',
  syscall: 'open',
  path: '/dev/i2c-1',
  level: 'error',
  timestamp: '2025-02-19T20:41:45.680Z'
}
{
  message: 'IC2 bus is Open, address is 72',
  level: 'info',
  timestamp: '2025-02-19T20:44:52.513Z'
}
{ message: '{}', level: 'info', timestamp: '2025-02-19T20:44:52.516Z' }
{
  message: 'IC2 bus is Open, address is 72',
  level: 'info',
  timestamp: '2025-02-19T20:44:52.517Z'
}
{
  message: 'undefined',
  level: 'info',
  timestamp: '2025-02-19T20:44:52.517Z'
}
{
  message: 'Data sent to alef/sensor/sync',
  level: 'debug',
  timestamp: '2025-02-19T20:44:52.841Z'
}
{
  message: 'Data sent to alef/sensor/sync',
  level: 'debug',
  timestamp: '2025-02-19T20:44:53.889Z'
}
{
  message: 'Data sent to alef/sensor/sync',
  level: 'debug',
  timestamp: '2025-02-19T20:44:54.937Z'
}
{
  message: 'Data sent to alef/sensor/sync',
  level: 'debug',
  timestamp: '2025-02-19T20:44:55.984Z'
}
{
  message: 'Data sent to alef/sensor/sync',
  level: 'debug',
  timestamp: '2025-02-19T20:44:57.032Z'
}
{
  message: 'Data sent to alef/sensor/sync',
  level: 'debug',
  timestamp: '2025-02-19T20:44:58.080Z'
}
{
  message: 'Data sent to alef/sensor/sync',
  level: 'debug',
  timestamp: '2025-02-19T20:44:59.128Z'
}
{
  message: 'Data sent to alef/sensor/sync',
  level: 'debug',
  timestamp: '2025-02-19T20:45:00.178Z'
}
{
  message: 'Data sent to alef/sensor/sync',
  level: 'debug',
  timestamp: '2025-02-19T20:45:01.229Z'
}
{
  message: 'Data sent to alef/sensor/sync',
  level: 'debug',
  timestamp: '2025-02-19T20:45:02.278Z'
}
{
  message: 'Data sent to alef/sensor/sync',
  level: 'debug',
  timestamp: '2025-02-19T20:45:03.325Z'
}
{
  message: 'Data sent to alef/sensor/sync',
  level: 'debug',
  timestamp: '2025-02-19T20:45:04.372Z'
}
{
  message: 'Data sent to alef/sensor/sync',
  level: 'debug',
  timestamp: '2025-02-19T20:45:05.420Z'
}
{
  message: 'Data sent to alef/sensor/sync',
  level: 'debug',
  timestamp: '2025-02-19T20:45:06.467Z'
}
{
  message: 'Data sent to alef/sensor/sync',
  level: 'debug',
  timestamp: '2025-02-19T20:45:07.515Z'
}
{
  message: 'Data sent to alef/sensor/sync',
  level: 'debug',
  timestamp: '2025-02-19T20:45:08.563Z'
}
{
  message: 'Data sent to alef/sensor/sync',
  level: 'debug',
  timestamp: '2025-02-19T20:45:09.610Z'
}
{
  message: 'Data sent to alef/sensor/sync',
  level: 'debug',
  timestamp: '2025-02-19T20:45:10.658Z'
}
{
  message: 'Data sent to alef/sensor/temperature',
  level: 'debug',
  timestamp: '2025-02-19T20:45:10.842Z'
}
{
  message: 'Data sent to alef/sensor/pressure',
  level: 'debug',
  timestamp: '2025-02-19T20:45:10.887Z'
}
{
  message: 'Data sent to alef/sensor/humidity',
  level: 'debug',
  timestamp: '2025-02-19T20:45:10.933Z'
}
{
  message: '{"temperature":0,"pressure":0,"humidity":0}',
  level: 'debug',
  timestamp: '2025-02-19T20:45:10.933Z'
}
{
  message: 'Data sent to alef/sensor/trend',
  level: 'debug',
  timestamp: '2025-02-19T20:45:10.983Z'
}
{
  message: 'Data sent to alef/sensor/sync',
  level: 'debug',
  timestamp: '2025-02-19T20:45:11.704Z'
}
{
  message: 'Data sent to alef/sensor/sync',
  level: 'debug',
  timestamp: '2025-02-19T20:45:12.752Z'
}
{
  message: 'Data sent to alef/sensor/sync',
  level: 'debug',
  timestamp: '2025-02-19T20:45:13.799Z'
}
{
  message: 'Data sent to alef/sensor/sync',
  level: 'debug',
  timestamp: '2025-02-19T20:45:14.848Z'
}
{
  message: 'Data sent to alef/sensor/sync',
  level: 'debug',
  timestamp: '2025-02-19T20:45:15.895Z'
}
{
  message: 'Data sent to alef/sensor/sync',
  level: 'debug',
  timestamp: '2025-02-19T20:45:16.943Z'
}
{
  message: 'Data sent to alef/sensor/sync',
  level: 'debug',
  timestamp: '2025-02-19T20:45:17.989Z'
}
{
  message: 'Data sent to alef/sensor/sync',
  level: 'debug',
  timestamp: '2025-02-19T20:45:19.036Z'
}
{
  message: 'IC2 bus is Open, address is 72',
  level: 'info',
  timestamp: '2025-02-19T20:45:20.511Z'
}
{ message: '{}', level: 'info', timestamp: '2025-02-19T20:45:20.513Z' }
{
  message: 'IC2 bus is Open, address is 72',
  level: 'info',
  timestamp: '2025-02-19T20:45:20.514Z'
}
{
  message: 'undefined',
  level: 'info',
  timestamp: '2025-02-19T20:45:20.514Z'
}
{
  message: 'Data sent to alef/sensor/sync',
  level: 'debug',
  timestamp: '2025-02-19T20:45:35.229Z'
}
{
  message: 'Data sent to alef/sensor/sync',
  level: 'debug',
  timestamp: '2025-02-19T20:45:41.623Z'
}
{
  message: 'Data sent to alef/sensor/sync',
  level: 'debug',
  timestamp: '2025-02-19T20:45:42.671Z'
}
{
  message: 'Data sent to alef/sensor/sync',
  level: 'debug',
  timestamp: '2025-02-19T20:45:43.722Z'
}
{
  message: 'Data sent to alef/sensor/sync',
  level: 'debug',
  timestamp: '2025-02-19T20:45:44.772Z'
}
{
  message: 'Data sent to alef/sensor/temperature',
  level: 'debug',
  timestamp: '2025-02-19T20:45:45.230Z'
}
{
  message: 'Data sent to alef/sensor/pressure',
  level: 'debug',
  timestamp: '2025-02-19T20:45:45.276Z'
}
{
  message: 'Data sent to alef/sensor/humidity',
  level: 'debug',
  timestamp: '2025-02-19T20:45:45.322Z'
}
{
  message: '{"temperature":0,"pressure":0,"humidity":0}',
  level: 'debug',
  timestamp: '2025-02-19T20:45:45.323Z'
}
{
  message: 'Data sent to alef/sensor/trend',
  level: 'debug',
  timestamp: '2025-02-19T20:45:45.370Z'
}
{
  message: 'Data sent to alef/sensor/sync',
  level: 'debug',
  timestamp: '2025-02-19T20:45:45.819Z'
}
{
  message: 'Data sent to alef/sensor/sync',
  level: 'debug',
  timestamp: '2025-02-19T20:45:46.870Z'
}
{
  message: 'Data sent to alef/sensor/sync',
  level: 'debug',
  timestamp: '2025-02-19T20:45:47.923Z'
}
{
  message: 'Data sent to alef/sensor/sync',
  level: 'debug',
  timestamp: '2025-02-19T20:45:49.060Z'
}
{
  message: 'Data sent to alef/sensor/sync',
  level: 'debug',
  timestamp: '2025-02-19T20:45:50.108Z'
}
{
  message: 'Data sent to alef/sensor/sync',
  level: 'debug',
  timestamp: '2025-02-19T20:45:51.155Z'
}
{
  message: 'Data sent to alef/sensor/sync',
  level: 'debug',
  timestamp: '2025-02-19T20:45:52.203Z'
}
{
  message: 'Data sent to alef/sensor/sync',
  level: 'debug',
  timestamp: '2025-02-19T20:45:55.689Z'
}
{
  message: 'Data sent to alef/sensor/temperature',
  level: 'debug',
  timestamp: '2025-02-19T20:45:55.734Z'
}
{
  message: 'Data sent to alef/sensor/pressure',
  level: 'debug',
  timestamp: '2025-02-19T20:45:55.780Z'
}
{
  message: 'Data sent to alef/sensor/humidity',
  level: 'debug',
  timestamp: '2025-02-19T20:45:55.825Z'
}
{
  message: '{"temperature":147.49,"pressure":50624,"humidity":13.5}',
  level: 'debug',
  timestamp: '2025-02-19T20:45:55.825Z'
}
{
  message: 'Data sent to alef/sensor/trend',
  level: 'debug',
  timestamp: '2025-02-19T20:45:55.870Z'
}
{
  message: 'Data sent to alef/sensor/sync',
  level: 'debug',
  timestamp: '2025-02-19T20:45:57.208Z'
}
{
  message: 'Data sent to alef/sensor/sync',
  level: 'debug',
  timestamp: '2025-02-19T20:45:58.592Z'
}
{
  message: 'Data sent to alef/sensor/sync',
  level: 'debug',
  timestamp: '2025-02-19T20:45:59.989Z'
}
{
  message: 'Data sent to alef/sensor/sync',
  level: 'debug',
  timestamp: '2025-02-19T20:46:01.393Z'
}
{
  message: 'Data sent to alef/sensor/sync',
  level: 'debug',
  timestamp: '2025-02-19T20:46:02.856Z'
}
{
  message: 'Data sent to alef/sensor/sync',
  level: 'debug',
  timestamp: '2025-02-19T20:46:50.087Z'
}
{
  message: 'Data sent to alef/sensor/temperature',
  level: 'debug',
  timestamp: '2025-02-19T20:46:50.138Z'
}
{
  message: 'Data sent to alef/sensor/pressure',
  level: 'debug',
  timestamp: '2025-02-19T20:46:50.184Z'
}
{
  message: 'Data sent to alef/sensor/humidity',
  level: 'debug',
  timestamp: '2025-02-19T20:46:50.231Z'
}
{
  message: '{"temperature":88.48999999999997,"pressure":30374.8,"humidity":8.1}',
  level: 'debug',
  timestamp: '2025-02-19T20:46:50.231Z'
}
{
  message: 'Data sent to alef/sensor/trend',
  level: 'debug',
  timestamp: '2025-02-19T20:46:50.277Z'
}
{
  message: 'IC2 bus is Open, address is 72',
  level: 'info',
  timestamp: '2025-02-19T20:47:55.228Z'
}
{ message: '{}', level: 'info', timestamp: '2025-02-19T20:47:55.231Z' }
{
  message: 'IC2 bus is Open, address is 72',
  level: 'info',
  timestamp: '2025-02-19T20:47:55.232Z'
}
{
  message: 'undefined',
  level: 'info',
  timestamp: '2025-02-19T20:47:55.232Z'
}
{
  message: 'Data sent to zirconum/sensor/sync',
  level: 'debug',
  timestamp: '2025-02-19T20:47:55.557Z'
}
{
  message: 'Data sent to zirconum/sensor/sync',
  level: 'debug',
  timestamp: '2025-02-19T20:47:56.605Z'
}
{
  message: 'Data sent to zirconum/sensor/sync',
  level: 'debug',
  timestamp: '2025-02-19T20:47:57.656Z'
}
{
  message: 'Data sent to zirconum/sensor/sync',
  level: 'debug',
  timestamp: '2025-02-19T20:47:58.705Z'
}
{
  message: 'Data sent to zirconum/sensor/sync',
  level: 'debug',
  timestamp: '2025-02-19T20:47:59.753Z'
}
{
  message: 'Data sent to zirconum/sensor/sync',
  level: 'debug',
  timestamp: '2025-02-19T20:48:00.800Z'
}
{
  message: 'Data sent to zirconum/sensor/sync',
  level: 'debug',
  timestamp: '2025-02-19T20:48:01.849Z'
}
{
  message: 'Data sent to zirconum/sensor/sync',
  level: 'debug',
  timestamp: '2025-02-19T20:48:02.896Z'
}
{
  message: 'Data sent to zirconum/sensor/sync',
  level: 'debug',
  timestamp: '2025-02-19T20:48:04.027Z'
}
{
  message: 'Data sent to zirconum/sensor/sync',
  level: 'debug',
  timestamp: '2025-02-19T20:48:05.078Z'
}
{
  message: 'Data sent to zirconum/sensor/sync',
  level: 'debug',
  timestamp: '2025-02-19T20:48:06.125Z'
}
{
  message: 'Data sent to zirconum/sensor/sync',
  level: 'debug',
  timestamp: '2025-02-19T20:48:07.173Z'
}
{
  message: 'Data sent to zirconum/sensor/sync',
  level: 'debug',
  timestamp: '2025-02-19T20:48:08.221Z'
}
{
  message: 'Data sent to zirconum/sensor/sync',
  level: 'debug',
  timestamp: '2025-02-19T20:48:09.268Z'
}
{
  message: 'Data sent to zirconum/sensor/sync',
  level: 'debug',
  timestamp: '2025-02-19T20:48:10.318Z'
}
{
  message: 'Data sent to zirconum/sensor/temperature',
  level: 'debug',
  timestamp: '2025-02-19T20:48:10.559Z'
}
{
  message: 'Data sent to zirconum/sensor/pressure',
  level: 'debug',
  timestamp: '2025-02-19T20:48:10.605Z'
}
{
  message: 'Data sent to zirconum/sensor/humidity',
  level: 'debug',
  timestamp: '2025-02-19T20:48:10.650Z'
}
{
  message: '{"temperature":0,"pressure":0,"humidity":0}',
  level: 'debug',
  timestamp: '2025-02-19T20:48:10.651Z'
}
{
  message: 'Data sent to zirconum/sensor/trend',
  level: 'debug',
  timestamp: '2025-02-19T20:48:10.696Z'
}
{
  message: 'Data sent to zirconum/sensor/sync',
  level: 'debug',
  timestamp: '2025-02-19T20:48:11.366Z'
}
{
  message: 'Data sent to zirconum/sensor/sync',
  level: 'debug',
  timestamp: '2025-02-19T20:48:12.414Z'
}
{
  message: 'Data sent to zirconum/sensor/sync',
  level: 'debug',
  timestamp: '2025-02-19T20:48:13.550Z'
}
{
  message: 'Data sent to zirconum/sensor/sync',
  level: 'debug',
  timestamp: '2025-02-19T20:48:14.597Z'
}
{
  message: 'Data sent to zirconum/sensor/sync',
  level: 'debug',
  timestamp: '2025-02-19T20:48:15.643Z'
}
{
  message: 'Data sent to zirconum/sensor/sync',
  level: 'debug',
  timestamp: '2025-02-19T20:48:16.691Z'
}
{
  message: 'Data sent to zirconum/sensor/sync',
  level: 'debug',
  timestamp: '2025-02-19T20:49:00.233Z'
}
{
  message: 'Data sent to zirconum/sensor/temperature',
  level: 'debug',
  timestamp: '2025-02-19T20:49:00.761Z'
}
{
  message: 'Data sent to zirconum/sensor/pressure',
  level: 'debug',
  timestamp: '2025-02-19T20:49:06.579Z'
}
{
  message: 'Data sent to zirconum/sensor/sync',
  level: 'debug',
  timestamp: '2025-02-19T20:49:06.625Z'
}
{
  message: 'Data sent to zirconum/sensor/humidity',
  level: 'debug',
  timestamp: '2025-02-19T20:49:06.671Z'
}
{
  message: '{"temperature":147.49,"pressure":50624,"humidity":13.5}',
  level: 'debug',
  timestamp: '2025-02-19T20:49:06.671Z'
}
{
  message: 'Data sent to zirconum/sensor/trend',
  level: 'debug',
  timestamp: '2025-02-19T20:49:06.716Z'
}
{
  message: 'Data sent to zirconum/sensor/sync',
  level: 'debug',
  timestamp: '2025-02-19T20:49:07.672Z'
}
{
  message: 'Data sent to zirconum/sensor/temperature',
  level: 'debug',
  timestamp: '2025-02-19T20:49:07.978Z'
}
{
  message: 'Data sent to zirconum/sensor/pressure',
  level: 'debug',
  timestamp: '2025-02-19T20:49:08.024Z'
}
{
  message: 'Data sent to zirconum/sensor/humidity',
  level: 'debug',
  timestamp: '2025-02-19T20:49:08.070Z'
}
{
  message: '{"temperature":88.48999999999997,"pressure":30374.8,"humidity":8.1}',
  level: 'debug',
  timestamp: '2025-02-19T20:49:08.071Z'
}
{
  message: 'Data sent to zirconum/sensor/trend',
  level: 'debug',
  timestamp: '2025-02-19T20:49:08.117Z'
}
{
  message: 'Data sent to zirconum/sensor/sync',
  level: 'debug',
  timestamp: '2025-02-19T20:49:08.719Z'
}
{
  message: 'Data sent to zirconum/sensor/sync',
  level: 'debug',
  timestamp: '2025-02-19T20:49:09.767Z'
}
{
  message: 'Data sent to zirconum/sensor/sync',
  level: 'debug',
  timestamp: '2025-02-19T20:49:10.895Z'
}
{
  message: 'Data sent to zirconum/sensor/sync',
  level: 'debug',
  timestamp: '2025-02-19T20:49:11.943Z'
}
{
  message: 'Data sent to zirconum/sensor/sync',
  level: 'debug',
  timestamp: '2025-02-19T20:49:12.992Z'
}
{
  message: 'Data sent to zirconum/sensor/sync',
  level: 'debug',
  timestamp: '2025-02-19T20:49:14.039Z'
}
{
  message: 'Data sent to zirconum/sensor/sync',
  level: 'debug',
  timestamp: '2025-02-19T20:49:15.087Z'
}
{
  message: 'Data sent to zirconum/sensor/sync',
  level: 'debug',
  timestamp: '2025-02-19T20:49:16.134Z'
}
{
  message: 'Data sent to zirconum/sensor/sync',
  level: 'debug',
  timestamp: '2025-02-19T20:49:17.182Z'
}
{
  message: 'Data sent to zirconum/sensor/temperature',
  level: 'debug',
  timestamp: '2025-02-19T20:49:17.978Z'
}
{
  message: 'Data sent to zirconum/sensor/pressure',
  level: 'debug',
  timestamp: '2025-02-19T20:49:18.023Z'
}
{
  message: 'Data sent to zirconum/sensor/humidity',
  level: 'debug',
  timestamp: '2025-02-19T20:49:18.069Z'
}
{
  message: '{"temperature":58.99199999999993,"pressure":20250,"humidity":5.4}',
  level: 'debug',
  timestamp: '2025-02-19T20:49:18.070Z'
}
{
  message: 'Data sent to zirconum/sensor/trend',
  level: 'debug',
  timestamp: '2025-02-19T20:49:18.121Z'
}
{
  message: 'Data sent to zirconum/sensor/sync',
  level: 'debug',
  timestamp: '2025-02-19T20:49:18.234Z'
}
{
  message: 'Data sent to zirconum/sensor/sync',
  level: 'debug',
  timestamp: '2025-02-19T20:49:19.282Z'
}
{
  message: 'Data sent to zirconum/sensor/sync',
  level: 'debug',
  timestamp: '2025-02-19T20:49:20.327Z'
}
{
  message: 'Data sent to zirconum/sensor/sync',
  level: 'debug',
  timestamp: '2025-02-19T20:49:21.376Z'
}
{
  message: 'Data sent to zirconum/sensor/sync',
  level: 'debug',
  timestamp: '2025-02-19T20:49:22.423Z'
}
{
  message: 'Data sent to zirconum/sensor/sync',
  level: 'debug',
  timestamp: '2025-02-19T20:49:23.471Z'
}
{
  message: 'Data sent to zirconum/sensor/sync',
  level: 'debug',
  timestamp: '2025-02-19T20:49:24.519Z'
}
{
  message: 'Data sent to zirconum/sensor/sync',
  level: 'debug',
  timestamp: '2025-02-19T20:49:25.567Z'
}
{
  message: 'Data sent to zirconum/sensor/sync',
  level: 'debug',
  timestamp: '2025-02-19T20:49:26.617Z'
}
{
  message: 'Data sent to zirconum/sensor/sync',
  level: 'debug',
  timestamp: '2025-02-19T20:49:27.665Z'
}
{
  message: 'Data sent to zirconum/sensor/temperature',
  level: 'debug',
  timestamp: '2025-02-19T20:49:27.979Z'
}
{
  message: 'Data sent to zirconum/sensor/pressure',
  level: 'debug',
  timestamp: '2025-02-19T20:49:28.025Z'
}
{
  message: 'Data sent to zirconum/sensor/humidity',
  level: 'debug',
  timestamp: '2025-02-19T20:49:28.071Z'
}
{
  message: '{"temperature":42.13657142857139,"pressure":14464.342857142858,"humidity":3.857142857142857}',
  level: 'debug',
  timestamp: '2025-02-19T20:49:28.071Z'
}
{
  message: 'Data sent to zirconum/sensor/trend',
  level: 'debug',
  timestamp: '2025-02-19T20:49:28.118Z'
}
{
  message: 'Data sent to zirconum/sensor/sync',
  level: 'debug',
  timestamp: '2025-02-19T20:49:28.713Z'
}
{
  message: 'Data sent to zirconum/sensor/sync',
  level: 'debug',
  timestamp: '2025-02-19T20:49:29.769Z'
}
{
  message: 'Data sent to zirconum/sensor/sync',
  level: 'debug',
  timestamp: '2025-02-19T20:49:30.815Z'
}
{
  message: 'Data sent to zirconum/sensor/sync',
  level: 'debug',
  timestamp: '2025-02-19T20:49:31.861Z'
}
{
  message: 'Data sent to zirconum/sensor/sync',
  level: 'debug',
  timestamp: '2025-02-19T20:49:33.015Z'
}
{
  message: 'Data sent to zirconum/sensor/sync',
  level: 'debug',
  timestamp: '2025-02-19T20:49:34.067Z'
}
{
  message: 'Data sent to zirconum/sensor/sync',
  level: 'debug',
  timestamp: '2025-02-19T20:49:35.116Z'
}
{
  message: 'Data sent to zirconum/sensor/sync',
  level: 'debug',
  timestamp: '2025-02-19T20:49:36.164Z'
}
{
  message: 'Data sent to zirconum/sensor/sync',
  level: 'debug',
  timestamp: '2025-02-19T20:49:37.212Z'
}
{
  message: 'Data sent to zirconum/sensor/temperature',
  level: 'debug',
  timestamp: '2025-02-19T20:49:37.980Z'
}
{
  message: 'Data sent to zirconum/sensor/pressure',
  level: 'debug',
  timestamp: '2025-02-19T20:49:38.026Z'
}
{
  message: 'Data sent to zirconum/sensor/humidity',
  level: 'debug',
  timestamp: '2025-02-19T20:49:38.071Z'
}
{
  message: '{"temperature":31.602142857142805,"pressure":10848.285714285714,"humidity":2.892857142857143}',
  level: 'debug',
  timestamp: '2025-02-19T20:49:38.072Z'
}
{
  message: 'Data sent to zirconum/sensor/trend',
  level: 'debug',
  timestamp: '2025-02-19T20:49:38.117Z'
}
{
  message: 'Data sent to zirconum/sensor/sync',
  level: 'debug',
  timestamp: '2025-02-19T20:49:38.257Z'
}
{
  message: 'Data sent to zirconum/sensor/sync',
  level: 'debug',
  timestamp: '2025-02-19T20:49:39.305Z'
}
{
  message: 'Data sent to zirconum/sensor/sync',
  level: 'debug',
  timestamp: '2025-02-19T20:49:40.351Z'
}
{
  message: 'Data sent to zirconum/sensor/sync',
  level: 'debug',
  timestamp: '2025-02-19T20:49:41.399Z'
}
{
  message: 'Data sent to zirconum/sensor/sync',
  level: 'debug',
  timestamp: '2025-02-19T20:49:42.447Z'
}
{
  message: 'Data sent to zirconum/sensor/sync',
  level: 'debug',
  timestamp: '2025-02-19T20:49:43.494Z'
}
{
  message: 'Data sent to zirconum/sensor/sync',
  level: 'debug',
  timestamp: '2025-02-19T20:49:44.542Z'
}
{
  message: 'Data sent to zirconum/sensor/sync',
  level: 'debug',
  timestamp: '2025-02-19T20:49:45.588Z'
}
{
  message: 'Data sent to zirconum/sensor/sync',
  level: 'debug',
  timestamp: '2025-02-19T20:49:46.773Z'
}
{
  message: 'Data sent to zirconum/sensor/sync',
  level: 'debug',
  timestamp: '2025-02-19T20:49:47.821Z'
}
{
  message: 'Data sent to zirconum/sensor/temperature',
  level: 'debug',
  timestamp: '2025-02-19T20:49:48.015Z'
}
{
  message: 'Data sent to zirconum/sensor/pressure',
  level: 'debug',
  timestamp: '2025-02-19T20:49:48.060Z'
}
{
  message: 'Data sent to zirconum/sensor/humidity',
  level: 'debug',
  timestamp: '2025-02-19T20:49:48.216Z'
}
{
  message: '{"temperature":24.579285714285646,"pressure":8437.57142857143,"humidity":2.25}',
  level: 'debug',
  timestamp: '2025-02-19T20:49:48.216Z'
}
{
  message: 'Data sent to zirconum/sensor/trend',
  level: 'debug',
  timestamp: '2025-02-19T20:49:48.262Z'
}
{
  message: 'Data sent to zirconum/sensor/sync',
  level: 'debug',
  timestamp: '2025-02-19T20:49:48.962Z'
}
{
  message: 'Data sent to zirconum/sensor/sync',
  level: 'debug',
  timestamp: '2025-02-19T20:49:50.009Z'
}
{
  message: 'Data sent to zirconum/sensor/sync',
  level: 'debug',
  timestamp: '2025-02-19T20:49:51.115Z'
}
{
  message: 'Data sent to zirconum/sensor/sync',
  level: 'debug',
  timestamp: '2025-02-19T20:49:52.195Z'
}
{
  message: 'Data sent to zirconum/sensor/sync',
  level: 'debug',
  timestamp: '2025-02-19T20:49:53.277Z'
}
{
  message: 'Data sent to zirconum/sensor/sync',
  level: 'debug',
  timestamp: '2025-02-19T20:49:54.359Z'
}
{
  message: 'Data sent to zirconum/sensor/sync',
  level: 'debug',
  timestamp: '2025-02-19T20:49:55.480Z'
}
{
  message: 'Data sent to zirconum/sensor/sync',
  level: 'debug',
  timestamp: '2025-02-19T20:49:56.528Z'
}
{
  message: 'Data sent to zirconum/sensor/sync',
  level: 'debug',
  timestamp: '2025-02-19T20:49:57.576Z'
}
{
  message: 'Data sent to zirconum/sensor/temperature',
  level: 'debug',
  timestamp: '2025-02-19T20:49:57.981Z'
}
{
  message: 'Data sent to zirconum/sensor/pressure',
  level: 'debug',
  timestamp: '2025-02-19T20:49:58.027Z'
}
{
  message: 'Data sent to zirconum/sensor/humidity',
  level: 'debug',
  timestamp: '2025-02-19T20:49:58.072Z'
}
{
  message: '{"temperature":19.661999999999967,"pressure":6749.933333333333,"humidity":1.8}',
  level: 'debug',
  timestamp: '2025-02-19T20:49:58.073Z'
}
{
  message: 'Data sent to zirconum/sensor/trend',
  level: 'debug',
  timestamp: '2025-02-19T20:49:58.118Z'
}
{
  message: 'Data sent to zirconum/sensor/sync',
  level: 'debug',
  timestamp: '2025-02-19T20:49:58.652Z'
}
{
  message: 'Data sent to zirconum/sensor/sync',
  level: 'debug',
  timestamp: '2025-02-19T20:49:59.699Z'
}
{
  message: 'Data sent to zirconum/sensor/all',
  level: 'debug',
  timestamp: '2025-02-19T20:50:00.057Z'
}
{
  message: 'Data sent to zirconum/sensor/sync',
  level: 'debug',
  timestamp: '2025-02-19T20:50:00.745Z'
}
{
  message: 'Data sent to zirconum/sensor/sync',
  level: 'debug',
  timestamp: '2025-02-19T20:50:01.793Z'
}
{
  message: 'Data sent to zirconum/sensor/sync',
  level: 'debug',
  timestamp: '2025-02-19T20:50:02.841Z'
}
{
  message: 'Data sent to zirconum/sensor/sync',
  level: 'debug',
  timestamp: '2025-02-19T20:50:03.888Z'
}
{
  message: 'Data sent to zirconum/sensor/sync',
  level: 'debug',
  timestamp: '2025-02-19T20:50:04.935Z'
}
{
  message: 'Data sent to zirconum/sensor/sync',
  level: 'debug',
  timestamp: '2025-02-19T20:50:05.983Z'
}
{
  message: 'Data sent to zirconum/sensor/sync',
  level: 'debug',
  timestamp: '2025-02-19T20:50:07.029Z'
}
{
  message: 'Data sent to zirconum/sensor/temperature',
  level: 'debug',
  timestamp: '2025-02-19T20:50:07.985Z'
}
{
  message: 'Data sent to zirconum/sensor/pressure',
  level: 'debug',
  timestamp: '2025-02-19T20:50:08.042Z'
}
{
  message: 'Data sent to zirconum/sensor/sync',
  level: 'debug',
  timestamp: '2025-02-19T20:50:08.089Z'
}
{
  message: 'Data sent to zirconum/sensor/humidity',
  level: 'debug',
  timestamp: '2025-02-19T20:50:08.134Z'
}
{
  message: '{"temperature":16.088363636363596,"pressure":5522.59393939394,"humidity":1.4727272727272727}',
  level: 'debug',
  timestamp: '2025-02-19T20:50:08.134Z'
}
{
  message: 'Data sent to zirconum/sensor/trend',
  level: 'debug',
  timestamp: '2025-02-19T20:50:08.180Z'
}
{
  message: 'Data sent to zirconum/sensor/sync',
  level: 'debug',
  timestamp: '2025-02-19T20:50:09.135Z'
}
{
  message: 'Data sent to zirconum/sensor/sync',
  level: 'debug',
  timestamp: '2025-02-19T20:50:10.181Z'
}
{
  message: 'Data sent to zirconum/sensor/sync',
  level: 'debug',
  timestamp: '2025-02-19T20:50:11.228Z'
}
{
  message: 'Data sent to zirconum/sensor/sync',
  level: 'debug',
  timestamp: '2025-02-19T20:50:12.274Z'
}
{
  message: 'Data sent to zirconum/sensor/sync',
  level: 'debug',
  timestamp: '2025-02-19T20:50:13.320Z'
}
{
  message: 'Data sent to zirconum/sensor/sync',
  level: 'debug',
  timestamp: '2025-02-19T20:50:14.367Z'
}
{
  message: 'Data sent to zirconum/sensor/sync',
  level: 'debug',
  timestamp: '2025-02-19T20:50:15.415Z'
}
{
  message: 'Data sent to zirconum/sensor/sync',
  level: 'debug',
  timestamp: '2025-02-19T20:50:16.462Z'
}
{
  message: 'Data sent to zirconum/sensor/sync',
  level: 'debug',
  timestamp: '2025-02-19T20:50:17.559Z'
}
{
  message: 'Data sent to zirconum/sensor/temperature',
  level: 'debug',
  timestamp: '2025-02-19T20:50:18.072Z'
}
{
  message: 'Data sent to zirconum/sensor/pressure',
  level: 'debug',
  timestamp: '2025-02-19T20:50:18.120Z'
}
{
  message: 'Data sent to zirconum/sensor/humidity',
  level: 'debug',
  timestamp: '2025-02-19T20:50:18.166Z'
}
{
  message: '{"temperature":13.40690909090908,"pressure":4602.2,"humidity":1.2272727272727273}',
  level: 'debug',
  timestamp: '2025-02-19T20:50:18.166Z'
}
{
  message: 'Data sent to zirconum/sensor/trend',
  level: 'debug',
  timestamp: '2025-02-19T20:50:18.213Z'
}
{
  message: 'Data sent to zirconum/sensor/sync',
  level: 'debug',
  timestamp: '2025-02-19T20:50:18.605Z'
}
{
  message: 'Data sent to zirconum/sensor/sync',
  level: 'debug',
  timestamp: '2025-02-19T20:50:19.652Z'
}
{
  message: 'Data sent to zirconum/sensor/sync',
  level: 'debug',
  timestamp: '2025-02-19T20:50:20.698Z'
}
{
  message: 'Data sent to zirconum/sensor/sync',
  level: 'debug',
  timestamp: '2025-02-19T20:50:21.746Z'
}
{
  message: 'Data sent to zirconum/sensor/sync',
  level: 'debug',
  timestamp: '2025-02-19T20:50:22.794Z'
}
{
  message: 'Data sent to zirconum/sensor/sync',
  level: 'debug',
  timestamp: '2025-02-19T20:50:23.842Z'
}
{
  message: 'Data sent to zirconum/sensor/sync',
  level: 'debug',
  timestamp: '2025-02-19T20:50:24.888Z'
}
{
  message: 'Data sent to zirconum/sensor/sync',
  level: 'debug',
  timestamp: '2025-02-19T20:50:25.935Z'
}
{
  message: 'Data sent to zirconum/sensor/sync',
  level: 'debug',
  timestamp: '2025-02-19T20:50:26.985Z'
}
{
  message: 'Data sent to zirconum/sensor/temperature',
  level: 'debug',
  timestamp: '2025-02-19T20:50:27.984Z'
}
{
  message: 'Data sent to zirconum/sensor/pressure',
  level: 'debug',
  timestamp: '2025-02-19T20:50:28.029Z'
}
{
  message: 'Data sent to zirconum/sensor/sync',
  level: 'debug',
  timestamp: '2025-02-19T20:50:28.074Z'
}
{
  message: 'Data sent to zirconum/sensor/humidity',
  level: 'debug',
  timestamp: '2025-02-19T20:50:28.121Z'
}
{
  message: '{"temperature":11.344265734265706,"pressure":3894.195804195804,"humidity":1.0384615384615385}',
  level: 'debug',
  timestamp: '2025-02-19T20:50:28.122Z'
}
{
  message: 'Data sent to zirconum/sensor/trend',
  level: 'debug',
  timestamp: '2025-02-19T20:50:28.167Z'
}
{
  message: 'Data sent to zirconum/sensor/sync',
  level: 'debug',
  timestamp: '2025-02-19T20:50:29.121Z'
}
{
  message: 'Data sent to zirconum/sensor/sync',
  level: 'debug',
  timestamp: '2025-02-19T20:50:30.169Z'
}
{
  message: 'Data sent to zirconum/sensor/sync',
  level: 'debug',
  timestamp: '2025-02-19T20:50:31.218Z'
}
{
  message: 'Data sent to zirconum/sensor/sync',
  level: 'debug',
  timestamp: '2025-02-19T20:50:32.265Z'
}
{
  message: 'Data sent to zirconum/sensor/sync',
  level: 'debug',
  timestamp: '2025-02-19T20:50:33.312Z'
}
{
  message: 'Data sent to zirconum/sensor/sync',
  level: 'debug',
  timestamp: '2025-02-19T20:50:34.360Z'
}
{
  message: 'Data sent to zirconum/sensor/sync',
  level: 'debug',
  timestamp: '2025-02-19T20:50:35.409Z'
}
{
  message: 'Data sent to zirconum/sensor/sync',
  level: 'debug',
  timestamp: '2025-02-19T20:50:36.456Z'
}
{
  message: 'Data sent to zirconum/sensor/sync',
  level: 'debug',
  timestamp: '2025-02-19T20:50:37.502Z'
}
{
  message: 'Data sent to zirconum/sensor/temperature',
  level: 'debug',
  timestamp: '2025-02-19T20:50:37.984Z'
}
{
  message: 'Data sent to zirconum/sensor/pressure',
  level: 'debug',
  timestamp: '2025-02-19T20:50:38.029Z'
}
{
  message: 'Data sent to zirconum/sensor/humidity',
  level: 'debug',
  timestamp: '2025-02-19T20:50:38.075Z'
}
{
  message: '{"temperature":9.72362637362634,"pressure":3337.901098901099,"humidity":0.8901098901098901}',
  level: 'debug',
  timestamp: '2025-02-19T20:50:38.075Z'
}
{
  message: 'Data sent to zirconum/sensor/trend',
  level: 'debug',
  timestamp: '2025-02-19T20:50:38.120Z'
}
{
  message: 'Data sent to zirconum/sensor/sync',
  level: 'debug',
  timestamp: '2025-02-19T20:50:38.549Z'
}
{
  message: 'Data sent to zirconum/sensor/sync',
  level: 'debug',
  timestamp: '2025-02-19T20:50:39.596Z'
}
{
  message: 'Data sent to zirconum/sensor/sync',
  level: 'debug',
  timestamp: '2025-02-19T20:50:40.643Z'
}
{
  message: 'Data sent to zirconum/sensor/sync',
  level: 'debug',
  timestamp: '2025-02-19T20:50:41.690Z'
}
{
  message: 'Data sent to zirconum/sensor/sync',
  level: 'debug',
  timestamp: '2025-02-19T20:50:42.741Z'
}
{
  message: 'Data sent to zirconum/sensor/sync',
  level: 'debug',
  timestamp: '2025-02-19T20:50:43.789Z'
}
{
  message: 'Data sent to zirconum/sensor/sync',
  level: 'debug',
  timestamp: '2025-02-19T20:50:44.837Z'
}
{
  message: 'Data sent to zirconum/sensor/sync',
  level: 'debug',
  timestamp: '2025-02-19T20:50:45.888Z'
}
{
  message: 'Data sent to zirconum/sensor/sync',
  level: 'debug',
  timestamp: '2025-02-19T20:50:46.936Z'
}
{
  message: 'Data sent to zirconum/sensor/sync',
  level: 'debug',
  timestamp: '2025-02-19T20:50:47.984Z'
}
{
  message: 'Data sent to zirconum/sensor/temperature',
  level: 'debug',
  timestamp: '2025-02-19T20:50:48.030Z'
}
{
  message: 'Data sent to zirconum/sensor/pressure',
  level: 'debug',
  timestamp: '2025-02-19T20:50:48.075Z'
}
{
  message: 'Data sent to zirconum/sensor/humidity',
  level: 'debug',
  timestamp: '2025-02-19T20:50:48.120Z'
}
{
  message: '{"temperature":8.427120879120862,"pressure":2892.8615384615387,"humidity":0.7714285714285715}',
  level: 'debug',
  timestamp: '2025-02-19T20:50:48.121Z'
}
{
  message: 'Data sent to zirconum/sensor/trend',
  level: 'debug',
  timestamp: '2025-02-19T20:50:48.166Z'
}
{
  message: 'Data sent to zirconum/sensor/sync',
  level: 'debug',
  timestamp: '2025-02-19T20:50:49.032Z'
}
{
  message: 'Data sent to zirconum/sensor/sync',
  level: 'debug',
  timestamp: '2025-02-19T20:50:50.079Z'
}
{
  message: 'Data sent to zirconum/sensor/sync',
  level: 'debug',
  timestamp: '2025-02-19T20:50:51.128Z'
}
{
  message: 'Data sent to zirconum/sensor/sync',
  level: 'debug',
  timestamp: '2025-02-19T20:50:52.176Z'
}
{
  message: 'Data sent to zirconum/sensor/sync',
  level: 'debug',
  timestamp: '2025-02-19T20:50:53.224Z'
}
{
  message: 'Data sent to zirconum/sensor/sync',
  level: 'debug',
  timestamp: '2025-02-19T20:50:54.275Z'
}
{
  message: 'Data sent to zirconum/sensor/sync',
  level: 'debug',
  timestamp: '2025-02-19T20:50:55.323Z'
}
{
  message: 'Data sent to zirconum/sensor/sync',
  level: 'debug',
  timestamp: '2025-02-19T20:50:56.371Z'
}
{
  message: 'Data sent to zirconum/sensor/sync',
  level: 'debug',
  timestamp: '2025-02-19T20:50:57.419Z'
}
{
  message: 'Data sent to zirconum/sensor/temperature',
  level: 'debug',
  timestamp: '2025-02-19T20:50:57.986Z'
}
{
  message: 'Data sent to zirconum/sensor/pressure',
  level: 'debug',
  timestamp: '2025-02-19T20:50:58.032Z'
}
{
  message: 'Data sent to zirconum/sensor/humidity',
  level: 'debug',
  timestamp: '2025-02-19T20:50:58.078Z'
}
{
  message: '{"temperature":7.37371428571428,"pressure":2531.2642857142855,"humidity":0.675}',
  level: 'debug',
  timestamp: '2025-02-19T20:50:58.079Z'
}
{
  message: 'Data sent to zirconum/sensor/trend',
  level: 'debug',
  timestamp: '2025-02-19T20:50:58.125Z'
}
{
  message: 'Data sent to zirconum/sensor/sync',
  level: 'debug',
  timestamp: '2025-02-19T20:50:58.469Z'
}
{
  message: 'Data sent to zirconum/sensor/sync',
  level: 'debug',
  timestamp: '2025-02-19T20:50:59.516Z'
}
{
  message: 'Data sent to zirconum/sensor/sync',
  level: 'debug',
  timestamp: '2025-02-19T20:51:00.562Z'
}
{
  message: 'Data sent to zirconum/sensor/sync',
  level: 'debug',
  timestamp: '2025-02-19T20:51:01.608Z'
}
{
  message: 'Data sent to zirconum/sensor/sync',
  level: 'debug',
  timestamp: '2025-02-19T20:51:02.655Z'
}
{
  message: 'Data sent to zirconum/sensor/sync',
  level: 'debug',
  timestamp: '2025-02-19T20:51:03.703Z'
}
{
  message: 'Data sent to zirconum/sensor/sync',
  level: 'debug',
  timestamp: '2025-02-19T20:51:04.752Z'
}
{
  message: 'Data sent to zirconum/sensor/sync',
  level: 'debug',
  timestamp: '2025-02-19T20:51:05.799Z'
}
{
  message: 'Data sent to zirconum/sensor/sync',
  level: 'debug',
  timestamp: '2025-02-19T20:51:06.847Z'
}
{
  message: 'Data sent to zirconum/sensor/sync',
  level: 'debug',
  timestamp: '2025-02-19T20:51:07.895Z'
}
{
  message: 'Data sent to zirconum/sensor/temperature',
  level: 'debug',
  timestamp: '2025-02-19T20:51:07.985Z'
}
{
  message: 'Data sent to zirconum/sensor/pressure',
  level: 'debug',
  timestamp: '2025-02-19T20:51:08.031Z'
}
{
  message: 'Data sent to zirconum/sensor/humidity',
  level: 'debug',
  timestamp: '2025-02-19T20:51:08.076Z'
}
{
  message: '{"temperature":6.50576470588235,"pressure":2233.4323529411763,"humidity":0.5955882352941176}',
  level: 'debug',
  timestamp: '2025-02-19T20:51:08.076Z'
}
{
  message: 'Data sent to zirconum/sensor/trend',
  level: 'debug',
  timestamp: '2025-02-19T20:51:08.121Z'
}
{
  message: 'Data sent to zirconum/sensor/sync',
  level: 'debug',
  timestamp: '2025-02-19T20:51:08.942Z'
}
{
  message: 'Data sent to zirconum/sensor/sync',
  level: 'debug',
  timestamp: '2025-02-19T20:51:09.991Z'
}
{
  message: 'Data sent to zirconum/sensor/sync',
  level: 'debug',
  timestamp: '2025-02-19T20:51:11.039Z'
}
{
  message: 'Data sent to zirconum/sensor/sync',
  level: 'debug',
  timestamp: '2025-02-19T20:51:12.089Z'
}
{
  message: 'Data sent to zirconum/sensor/sync',
  level: 'debug',
  timestamp: '2025-02-19T20:51:13.136Z'
}
{
  message: 'Data sent to zirconum/sensor/sync',
  level: 'debug',
  timestamp: '2025-02-19T20:51:14.183Z'
}
{
  message: 'Data sent to zirconum/sensor/sync',
  level: 'debug',
  timestamp: '2025-02-19T20:51:15.242Z'
}
{
  message: 'Data sent to zirconum/sensor/sync',
  level: 'debug',
  timestamp: '2025-02-19T20:51:16.291Z'
}
{
  message: 'Data sent to zirconum/sensor/sync',
  level: 'debug',
  timestamp: '2025-02-19T20:51:17.345Z'
}
{
  message: 'Data sent to zirconum/sensor/temperature',
  level: 'debug',
  timestamp: '2025-02-19T20:51:17.987Z'
}
{
  message: 'Data sent to zirconum/sensor/pressure',
  level: 'debug',
  timestamp: '2025-02-19T20:51:18.033Z'
}
{
  message: 'Data sent to zirconum/sensor/humidity',
  level: 'debug',
  timestamp: '2025-02-19T20:51:18.078Z'
}
{
  message: '{"temperature":5.782941176470586,"pressure":1985.2843137254902,"humidity":0.5294117647058824}',
  level: 'debug',
  timestamp: '2025-02-19T20:51:18.078Z'
}
{
  message: 'Data sent to zirconum/sensor/trend',
  level: 'debug',
  timestamp: '2025-02-19T20:51:18.123Z'
}
{
  message: 'Data sent to zirconum/sensor/sync',
  level: 'debug',
  timestamp: '2025-02-19T20:51:18.391Z'
}
{
  message: 'Data sent to zirconum/sensor/sync',
  level: 'debug',
  timestamp: '2025-02-19T20:51:19.439Z'
}
{
  message: 'Data sent to zirconum/sensor/sync',
  level: 'debug',
  timestamp: '2025-02-19T20:51:20.485Z'
}
{
  message: 'Data sent to zirconum/sensor/sync',
  level: 'debug',
  timestamp: '2025-02-19T20:51:21.533Z'
}
{
  message: 'Data sent to zirconum/sensor/sync',
  level: 'debug',
  timestamp: '2025-02-19T20:51:22.579Z'
}
{
  message: 'Data sent to zirconum/sensor/sync',
  level: 'debug',
  timestamp: '2025-02-19T20:51:23.627Z'
}
{
  message: 'Data sent to zirconum/sensor/sync',
  level: 'debug',
  timestamp: '2025-02-19T20:51:24.674Z'
}
{
  message: 'Data sent to zirconum/sensor/sync',
  level: 'debug',
  timestamp: '2025-02-19T20:51:25.726Z'
}
{
  message: 'Data sent to zirconum/sensor/sync',
  level: 'debug',
  timestamp: '2025-02-19T20:51:26.774Z'
}
{
  message: 'Data sent to zirconum/sensor/sync',
  level: 'debug',
  timestamp: '2025-02-19T20:51:27.821Z'
}
{
  message: 'Data sent to zirconum/sensor/temperature',
  level: 'debug',
  timestamp: '2025-02-19T20:51:27.987Z'
}
{
  message: 'Data sent to zirconum/sensor/pressure',
  level: 'debug',
  timestamp: '2025-02-19T20:51:28.032Z'
}
{
  message: 'Data sent to zirconum/sensor/humidity',
  level: 'debug',
  timestamp: '2025-02-19T20:51:28.077Z'
}
{
  message: '{"temperature":5.17459236326108,"pressure":1776.280701754386,"humidity":0.47368421052631576}',
  level: 'debug',
  timestamp: '2025-02-19T20:51:28.077Z'
}
{
  message: 'Data sent to zirconum/sensor/trend',
  level: 'debug',
  timestamp: '2025-02-19T20:51:28.122Z'
}
{
  message: 'Data sent to zirconum/sensor/sync',
  level: 'debug',
  timestamp: '2025-02-19T20:51:28.868Z'
}
{
  message: 'Data sent to zirconum/sensor/sync',
  level: 'debug',
  timestamp: '2025-02-19T20:51:29.916Z'
}
{
  message: 'Data sent to zirconum/sensor/sync',
  level: 'debug',
  timestamp: '2025-02-19T20:51:30.964Z'
}
{
  message: 'Data sent to zirconum/sensor/sync',
  level: 'debug',
  timestamp: '2025-02-19T20:51:32.013Z'
}
{
  message: 'Data sent to zirconum/sensor/sync',
  level: 'debug',
  timestamp: '2025-02-19T20:51:33.061Z'
}
{
  message: 'Data sent to zirconum/sensor/sync',
  level: 'debug',
  timestamp: '2025-02-19T20:51:34.109Z'
}
{
  message: 'Data sent to zirconum/sensor/sync',
  level: 'debug',
  timestamp: '2025-02-19T20:51:35.157Z'
}
{
  message: 'Data sent to zirconum/sensor/sync',
  level: 'debug',
  timestamp: '2025-02-19T20:51:36.205Z'
}
{
  message: 'Data sent to zirconum/sensor/sync',
  level: 'debug',
  timestamp: '2025-02-19T20:51:37.252Z'
}
{
  message: 'Data sent to zirconum/sensor/temperature',
  level: 'debug',
  timestamp: '2025-02-19T20:51:37.988Z'
}
{
  message: 'Data sent to zirconum/sensor/pressure',
  level: 'debug',
  timestamp: '2025-02-19T20:51:38.034Z'
}
{
  message: 'Data sent to zirconum/sensor/humidity',
  level: 'debug',
  timestamp: '2025-02-19T20:51:38.079Z'
}
{
  message: '{"temperature":4.657122807017535,"pressure":1598.6631578947367,"humidity":0.4263157894736842}',
  level: 'debug',
  timestamp: '2025-02-19T20:51:38.079Z'
}
{
  message: 'Data sent to zirconum/sensor/trend',
  level: 'debug',
  timestamp: '2025-02-19T20:51:38.124Z'
}
{
  message: 'Data sent to zirconum/sensor/sync',
  level: 'debug',
  timestamp: '2025-02-19T20:51:38.300Z'
}
{
  message: 'Data sent to zirconum/sensor/sync',
  level: 'debug',
  timestamp: '2025-02-19T20:51:39.348Z'
}
{
  message: 'Data sent to zirconum/sensor/sync',
  level: 'debug',
  timestamp: '2025-02-19T20:51:40.396Z'
}
{
  message: 'Data sent to zirconum/sensor/sync',
  level: 'debug',
  timestamp: '2025-02-19T20:51:41.443Z'
}
{
  message: 'Data sent to zirconum/sensor/sync',
  level: 'debug',
  timestamp: '2025-02-19T20:51:42.490Z'
}
{
  message: 'Data sent to zirconum/sensor/sync',
  level: 'debug',
  timestamp: '2025-02-19T20:51:43.538Z'
}
{
  message: 'Data sent to zirconum/sensor/sync',
  level: 'debug',
  timestamp: '2025-02-19T20:51:44.586Z'
}
{
  message: 'Data sent to zirconum/sensor/sync',
  level: 'debug',
  timestamp: '2025-02-19T20:51:45.634Z'
}
{
  message: 'Data sent to zirconum/sensor/sync',
  level: 'debug',
  timestamp: '2025-02-19T20:51:46.680Z'
}
{
  message: 'Data sent to zirconum/sensor/sync',
  level: 'debug',
  timestamp: '2025-02-19T20:51:47.727Z'
}
{
  message: 'Data sent to zirconum/sensor/temperature',
  level: 'debug',
  timestamp: '2025-02-19T20:51:47.988Z'
}
{
  message: 'Data sent to zirconum/sensor/pressure',
  level: 'debug',
  timestamp: '2025-02-19T20:51:48.035Z'
}
{
  message: 'Data sent to zirconum/sensor/humidity',
  level: 'debug',
  timestamp: '2025-02-19T20:51:48.081Z'
}
{
  message: '{"temperature":4.213578947368393,"pressure":1446.418045112782,"humidity":0.38571428571428573}',
  level: 'debug',
  timestamp: '2025-02-19T20:51:48.082Z'
}
{
  message: 'Data sent to zirconum/sensor/trend',
  level: 'debug',
  timestamp: '2025-02-19T20:51:48.129Z'
}
{
  message: 'Data sent to zirconum/sensor/sync',
  level: 'debug',
  timestamp: '2025-02-19T20:51:48.774Z'
}
{
  message: 'Data sent to zirconum/sensor/sync',
  level: 'debug',
  timestamp: '2025-02-19T20:51:49.823Z'
}
{
  message: 'Data sent to zirconum/sensor/sync',
  level: 'debug',
  timestamp: '2025-02-19T20:51:50.871Z'
}
{
  message: 'Data sent to zirconum/sensor/sync',
  level: 'debug',
  timestamp: '2025-02-19T20:51:51.920Z'
}
{
  message: 'Data sent to zirconum/sensor/sync',
  level: 'debug',
  timestamp: '2025-02-19T20:51:52.968Z'
}
{
  message: 'Data sent to zirconum/sensor/sync',
  level: 'debug',
  timestamp: '2025-02-19T20:51:54.016Z'
}
{
  message: 'Data sent to zirconum/sensor/sync',
  level: 'debug',
  timestamp: '2025-02-19T20:51:55.066Z'
}
{
  message: 'Data sent to zirconum/sensor/sync',
  level: 'debug',
  timestamp: '2025-02-19T20:51:56.115Z'
}
{
  message: 'Data sent to zirconum/sensor/sync',
  level: 'debug',
  timestamp: '2025-02-19T20:51:57.161Z'
}
{
  message: 'Data sent to zirconum/sensor/temperature',
  level: 'debug',
  timestamp: '2025-02-19T20:51:57.991Z'
}
{
  message: 'Data sent to zirconum/sensor/pressure',
  level: 'debug',
  timestamp: '2025-02-19T20:51:58.036Z'
}
{
  message: 'Data sent to zirconum/sensor/humidity',
  level: 'debug',
  timestamp: '2025-02-19T20:51:58.081Z'
}
{
  message: '{"temperature":3.8305194805194662,"pressure":1314.9324675324676,"humidity":0.35064935064935066}',
  level: 'debug',
  timestamp: '2025-02-19T20:51:58.082Z'
}
{
  message: 'Data sent to zirconum/sensor/trend',
  level: 'debug',
  timestamp: '2025-02-19T20:51:58.127Z'
}
{
  message: 'Data sent to zirconum/sensor/sync',
  level: 'debug',
  timestamp: '2025-02-19T20:51:58.207Z'
}
{
  message: 'Data sent to zirconum/sensor/sync',
  level: 'debug',
  timestamp: '2025-02-19T20:51:59.255Z'
}
{
  message: 'Data sent to zirconum/sensor/sync',
  level: 'debug',
  timestamp: '2025-02-19T20:52:00.307Z'
}
{
  message: 'Data sent to zirconum/sensor/sync',
  level: 'debug',
  timestamp: '2025-02-19T20:52:01.358Z'
}
{
  message: 'Data sent to zirconum/sensor/sync',
  level: 'debug',
  timestamp: '2025-02-19T20:52:02.404Z'
}
{
  message: 'Data sent to zirconum/sensor/sync',
  level: 'debug',
  timestamp: '2025-02-19T20:52:03.456Z'
}
{
  message: 'Data sent to zirconum/sensor/sync',
  level: 'debug',
  timestamp: '2025-02-19T20:52:04.504Z'
}
{
  message: 'Data sent to zirconum/sensor/sync',
  level: 'debug',
  timestamp: '2025-02-19T20:52:05.551Z'
}
{
  message: 'Data sent to zirconum/sensor/sync',
  level: 'debug',
  timestamp: '2025-02-19T20:52:06.599Z'
}
{
  message: 'Data sent to zirconum/sensor/sync',
  level: 'debug',
  timestamp: '2025-02-19T20:52:07.647Z'
}
{
  message: 'Data sent to zirconum/sensor/temperature',
  level: 'debug',
  timestamp: '2025-02-19T20:52:07.993Z'
}
{
  message: 'Data sent to zirconum/sensor/pressure',
  level: 'debug',
  timestamp: '2025-02-19T20:52:08.038Z'
}
{
  message: 'Data sent to zirconum/sensor/humidity',
  level: 'debug',
  timestamp: '2025-02-19T20:52:08.084Z'
}
{
  message: '{"temperature":3.4974251835121204,"pressure":1200.5962732919254,"humidity":0.3201581027667984}',
  level: 'debug',
  timestamp: '2025-02-19T20:52:08.084Z'
}
{
  message: 'Data sent to zirconum/sensor/trend',
  level: 'debug',
  timestamp: '2025-02-19T20:52:08.129Z'
}
{
  message: 'Data sent to zirconum/sensor/sync',
  level: 'debug',
  timestamp: '2025-02-19T20:52:08.695Z'
}
{
  message: 'Data sent to zirconum/sensor/sync',
  level: 'debug',
  timestamp: '2025-02-19T20:52:09.741Z'
}
{
  message: 'Data sent to zirconum/sensor/sync',
  level: 'debug',
  timestamp: '2025-02-19T20:52:10.789Z'
}
{
  message: 'Data sent to zirconum/sensor/sync',
  level: 'debug',
  timestamp: '2025-02-19T20:52:11.836Z'
}
{
  message: 'Data sent to zirconum/sensor/sync',
  level: 'debug',
  timestamp: '2025-02-19T20:52:12.884Z'
}
{
  message: 'Data sent to zirconum/sensor/sync',
  level: 'debug',
  timestamp: '2025-02-19T20:52:13.932Z'
}
{
  message: 'Data sent to zirconum/sensor/sync',
  level: 'debug',
  timestamp: '2025-02-19T20:52:14.987Z'
}
{
  message: 'Data sent to zirconum/sensor/sync',
  level: 'debug',
  timestamp: '2025-02-19T20:52:16.033Z'
}
{
  message: 'Data sent to zirconum/sensor/sync',
  level: 'debug',
  timestamp: '2025-02-19T20:52:17.081Z'
}
{
  message: 'Data sent to zirconum/sensor/temperature',
  level: 'debug',
  timestamp: '2025-02-19T20:52:17.994Z'
}
{
  message: 'Data sent to zirconum/sensor/pressure',
  level: 'debug',
  timestamp: '2025-02-19T20:52:18.040Z'
}
{
  message: 'Data sent to zirconum/sensor/humidity',
  level: 'debug',
  timestamp: '2025-02-19T20:52:18.086Z'
}
{
  message: '{"temperature":3.205968379446615,"pressure":1100.5513833992095,"humidity":0.29347826086956524}',
  level: 'debug',
  timestamp: '2025-02-19T20:52:18.086Z'
}
{
  message: 'Data sent to zirconum/sensor/sync',
  level: 'debug',
  timestamp: '2025-02-19T20:52:18.130Z'
}
{
  message: 'Data sent to zirconum/sensor/trend',
  level: 'debug',
  timestamp: '2025-02-19T20:52:18.175Z'
}
{
  message: 'Data sent to zirconum/sensor/sync',
  level: 'debug',
  timestamp: '2025-02-19T20:52:19.178Z'
}
{
  message: 'Data sent to zirconum/sensor/sync',
  level: 'debug',
  timestamp: '2025-02-19T20:52:20.224Z'
}
{
  message: 'Data sent to zirconum/sensor/sync',
  level: 'debug',
  timestamp: '2025-02-19T20:52:21.271Z'
}
{
  message: 'Data sent to zirconum/sensor/sync',
  level: 'debug',
  timestamp: '2025-02-19T20:52:22.318Z'
}
{
  message: 'Data sent to zirconum/sensor/sync',
  level: 'debug',
  timestamp: '2025-02-19T20:52:23.365Z'
}
{
  message: 'Data sent to zirconum/sensor/sync',
  level: 'debug',
  timestamp: '2025-02-19T20:52:24.412Z'
}
{
  message: 'Data sent to zirconum/sensor/sync',
  level: 'debug',
  timestamp: '2025-02-19T20:52:25.461Z'
}
{
  message: 'Data sent to zirconum/sensor/sync',
  level: 'debug',
  timestamp: '2025-02-19T20:52:26.508Z'
}
{
  message: 'Data sent to zirconum/sensor/sync',
  level: 'debug',
  timestamp: '2025-02-19T20:52:27.555Z'
}
{
  message: 'Data sent to zirconum/sensor/temperature',
  level: 'debug',
  timestamp: '2025-02-19T20:52:27.995Z'
}
{
  message: 'Data sent to zirconum/sensor/pressure',
  level: 'debug',
  timestamp: '2025-02-19T20:52:28.041Z'
}
{
  message: 'Data sent to zirconum/sensor/humidity',
  level: 'debug',
  timestamp: '2025-02-19T20:52:28.086Z'
}
{
  message: '{"temperature":2.9492869565217164,"pressure":1012.491304347826,"humidity":0.27}',
  level: 'debug',
  timestamp: '2025-02-19T20:52:28.086Z'
}
{
  message: 'Data sent to zirconum/sensor/trend',
  level: 'debug',
  timestamp: '2025-02-19T20:52:28.133Z'
}
{
  message: 'Data sent to zirconum/sensor/sync',
  level: 'debug',
  timestamp: '2025-02-19T20:52:28.602Z'
}
{
  message: 'Data sent to zirconum/sensor/sync',
  level: 'debug',
  timestamp: '2025-02-19T20:52:29.650Z'
}
{
  message: 'Data sent to zirconum/sensor/sync',
  level: 'debug',
  timestamp: '2025-02-19T20:52:30.696Z'
}
{
  message: 'Data sent to zirconum/sensor/sync',
  level: 'debug',
  timestamp: '2025-02-19T20:52:31.742Z'
}
{
  message: 'Data sent to zirconum/sensor/sync',
  level: 'debug',
  timestamp: '2025-02-19T20:52:32.789Z'
}
{
  message: 'Data sent to zirconum/sensor/sync',
  level: 'debug',
  timestamp: '2025-02-19T20:52:33.836Z'
}
{
  message: 'Data sent to zirconum/sensor/sync',
  level: 'debug',
  timestamp: '2025-02-19T20:52:34.883Z'
}
{
  message: 'Data sent to zirconum/sensor/sync',
  level: 'debug',
  timestamp: '2025-02-19T20:52:35.930Z'
}
{
  message: 'Data sent to zirconum/sensor/sync',
  level: 'debug',
  timestamp: '2025-02-19T20:52:36.976Z'
}
{
  message: 'Data sent to zirconum/sensor/temperature',
  level: 'debug',
  timestamp: '2025-02-19T20:52:37.998Z'
}
{
  message: 'Data sent to zirconum/sensor/sync',
  level: 'debug',
  timestamp: '2025-02-19T20:52:38.043Z'
}
{
  message: 'Data sent to zirconum/sensor/pressure',
  level: 'debug',
  timestamp: '2025-02-19T20:52:38.089Z'
}
{
  message: 'Data sent to zirconum/sensor/humidity',
  level: 'debug',
  timestamp: '2025-02-19T20:52:38.134Z'
}
{
  message: '{"temperature":2.7224307692307406,"pressure":934.6123076923077,"humidity":0.24923076923076923}',
  level: 'debug',
  timestamp: '2025-02-19T20:52:38.135Z'
}
{
  message: 'Data sent to zirconum/sensor/trend',
  level: 'debug',
  timestamp: '2025-02-19T20:52:38.180Z'
}
{
  message: 'Data sent to zirconum/sensor/sync',
  level: 'debug',
  timestamp: '2025-02-19T20:52:39.090Z'
}
{
  message: 'Data sent to zirconum/sensor/sync',
  level: 'debug',
  timestamp: '2025-02-19T20:52:40.136Z'
}
{
  message: 'Data sent to zirconum/sensor/sync',
  level: 'debug',
  timestamp: '2025-02-19T20:52:41.187Z'
}
{
  message: 'Data sent to zirconum/sensor/sync',
  level: 'debug',
  timestamp: '2025-02-19T20:52:42.235Z'
}
{
  message: 'Data sent to zirconum/sensor/sync',
  level: 'debug',
  timestamp: '2025-02-19T20:52:43.282Z'
}
{
  message: 'Data sent to zirconum/sensor/sync',
  level: 'debug',
  timestamp: '2025-02-19T20:52:44.329Z'
}
{
  message: 'Data sent to zirconum/sensor/sync',
  level: 'debug',
  timestamp: '2025-02-19T20:52:45.429Z'
}
{
  message: 'Data sent to zirconum/sensor/sync',
  level: 'debug',
  timestamp: '2025-02-19T20:52:46.478Z'
}
{
  message: 'Data sent to zirconum/sensor/sync',
  level: 'debug',
  timestamp: '2025-02-19T20:52:47.526Z'
}
{
  message: 'Data sent to zirconum/sensor/temperature',
  level: 'debug',
  timestamp: '2025-02-19T20:52:47.997Z'
}
{
  message: 'Data sent to zirconum/sensor/pressure',
  level: 'debug',
  timestamp: '2025-02-19T20:52:48.042Z'
}
{
  message: 'Data sent to zirconum/sensor/humidity',
  level: 'debug',
  timestamp: '2025-02-19T20:52:48.088Z'
}
{
  message: '{"temperature":2.520950427350406,"pressure":865.3688888888889,"humidity":0.23076923076923078}',
  level: 'debug',
  timestamp: '2025-02-19T20:52:48.088Z'
}
{
  message: 'Data sent to zirconum/sensor/trend',
  level: 'debug',
  timestamp: '2025-02-19T20:52:48.133Z'
}
{
  message: 'Data sent to zirconum/sensor/sync',
  level: 'debug',
  timestamp: '2025-02-19T20:52:48.573Z'
}
{
  message: 'Data sent to zirconum/sensor/sync',
  level: 'debug',
  timestamp: '2025-02-19T20:52:49.620Z'
}
{
  message: 'Data sent to zirconum/sensor/sync',
  level: 'debug',
  timestamp: '2025-02-19T20:52:50.666Z'
}
{
  message: 'Data sent to zirconum/sensor/sync',
  level: 'debug',
  timestamp: '2025-02-19T20:52:51.713Z'
}
{
  message: 'Data sent to zirconum/sensor/sync',
  level: 'debug',
  timestamp: '2025-02-19T20:52:52.761Z'
}
{
  message: 'Data sent to zirconum/sensor/sync',
  level: 'debug',
  timestamp: '2025-02-19T20:52:53.809Z'
}
{
  message: 'Data sent to zirconum/sensor/sync',
  level: 'debug',
  timestamp: '2025-02-19T20:52:54.854Z'
}
{
  message: 'Data sent to zirconum/sensor/sync',
  level: 'debug',
  timestamp: '2025-02-19T20:52:55.901Z'
}
{
  message: 'Data sent to zirconum/sensor/sync',
  level: 'debug',
  timestamp: '2025-02-19T20:52:56.956Z'
}
