{
  message: 'IC2 bus is Open, address is 72',
  level: 'info',
  timestamp: '2022-10-26T05:05:34.422Z'
}
{ message: '{}', level: 'info', timestamp: '2022-10-26T05:05:34.436Z' }
{
  message: 'IC2 bus is Open, address is 72',
  level: 'info',
  timestamp: '2022-10-26T05:05:34.440Z'
}
{
  message: 'undefined',
  level: 'info',
  timestamp: '2022-10-26T05:05:34.443Z'
}
{
  message: 'IC2 bus is Open, address is 72',
  level: 'info',
  timestamp: '2022-10-26T05:07:18.757Z'
}
{ message: '{}', level: 'info', timestamp: '2022-10-26T05:07:18.766Z' }
{
  message: 'IC2 bus is Open, address is 72',
  level: 'info',
  timestamp: '2022-10-26T05:07:18.768Z'
}
{
  message: 'undefined',
  level: 'info',
  timestamp: '2022-10-26T05:07:18.769Z'
}
{
  message: 'IC2 bus is Open, address is 72',
  level: 'info',
  timestamp: '2022-10-26T05:08:45.118Z'
}
{ message: '{}', level: 'info', timestamp: '2022-10-26T05:08:45.123Z' }
{
  message: 'IC2 bus is Open, address is 72',
  level: 'info',
  timestamp: '2022-10-26T05:08:45.124Z'
}
{
  message: 'undefined',
  level: 'info',
  timestamp: '2022-10-26T05:08:45.125Z'
}
{
  message: 'IC2 bus is Open, address is 72',
  level: 'info',
  timestamp: '2022-10-26T05:15:48.094Z'
}
{ message: '{}', level: 'info', timestamp: '2022-10-26T05:15:48.101Z' }
{
  message: 'IC2 bus is Open, address is 72',
  level: 'info',
  timestamp: '2022-10-26T05:15:48.103Z'
}
{
  message: 'undefined',
  level: 'info',
  timestamp: '2022-10-26T05:15:48.104Z'
}
{
  message: 'IC2 bus is Open, address is 72',
  level: 'info',
  timestamp: '2022-10-26T05:20:58.283Z'
}
{ message: '{}', level: 'info', timestamp: '2022-10-26T05:20:58.289Z' }
{
  message: 'IC2 bus is Open, address is 72',
  level: 'info',
  timestamp: '2022-10-26T05:20:58.290Z'
}
{
  message: 'undefined',
  level: 'info',
  timestamp: '2022-10-26T05:20:58.292Z'
}
{
  message: 'IC2 bus is Open, address is 72',
  level: 'info',
  timestamp: '2022-10-26T05:31:20.538Z'
}
{ message: '{}', level: 'info', timestamp: '2022-10-26T05:31:20.545Z' }
{
  message: 'IC2 bus is Open, address is 72',
  level: 'info',
  timestamp: '2022-10-26T05:31:20.547Z'
}
{
  message: 'undefined',
  level: 'info',
  timestamp: '2022-10-26T05:31:20.548Z'
}
{
  message: 'IC2 bus is Open, address is 72',
  level: 'info',
  timestamp: '2022-10-26T05:34:54.182Z'
}
{ message: '{}', level: 'info', timestamp: '2022-10-26T05:34:54.206Z' }
{
  message: 'IC2 bus is Open, address is 72',
  level: 'info',
  timestamp: '2022-10-26T05:34:54.207Z'
}
{
  message: 'undefined',
  level: 'info',
  timestamp: '2022-10-26T05:34:54.208Z'
}
{
  message: 'IC2 bus is Open, address is 72',
  level: 'info',
  timestamp: '2022-10-26T05:40:33.106Z'
}
{ message: '{}', level: 'info', timestamp: '2022-10-26T05:40:33.114Z' }
{
  message: 'IC2 bus is Open, address is 72',
  level: 'info',
  timestamp: '2022-10-26T05:40:33.115Z'
}
{
  message: 'undefined',
  level: 'info',
  timestamp: '2022-10-26T05:40:33.117Z'
}
{
  message: 'IC2 bus is Open, address is 72',
  level: 'info',
  timestamp: '2022-10-26T05:43:13.932Z'
}
{ message: '{}', level: 'info', timestamp: '2022-10-26T05:43:13.939Z' }
{
  message: 'IC2 bus is Open, address is 72',
  level: 'info',
  timestamp: '2022-10-26T05:43:13.940Z'
}
{
  message: 'undefined',
  level: 'info',
  timestamp: '2022-10-26T05:43:13.941Z'
}
{
  message: 'IC2 bus is Open, address is 72',
  level: 'info',
  timestamp: '2022-10-26T05:48:28.854Z'
}
{ message: '{}', level: 'info', timestamp: '2022-10-26T05:48:28.863Z' }
{
  message: 'IC2 bus is Open, address is 72',
  level: 'info',
  timestamp: '2022-10-26T05:48:28.865Z'
}
{
  message: 'undefined',
  level: 'info',
  timestamp: '2022-10-26T05:48:28.866Z'
}
{
  message: 'IC2 bus is Open, address is 72',
  level: 'info',
  timestamp: '2022-10-26T05:49:26.783Z'
}
{ message: '{}', level: 'info', timestamp: '2022-10-26T05:49:26.799Z' }
{
  message: 'IC2 bus is Open, address is 72',
  level: 'info',
  timestamp: '2022-10-26T05:49:26.800Z'
}
{
  message: 'undefined',
  level: 'info',
  timestamp: '2022-10-26T05:49:26.801Z'
}
{
  message: 'IC2 bus is Open, address is 72',
  level: 'info',
  timestamp: '2022-10-26T05:54:48.460Z'
}
{ message: '{}', level: 'info', timestamp: '2022-10-26T05:54:48.466Z' }
{
  message: 'IC2 bus is Open, address is 72',
  level: 'info',
  timestamp: '2022-10-26T05:54:48.468Z'
}
{
  message: 'undefined',
  level: 'info',
  timestamp: '2022-10-26T05:54:48.469Z'
}
